<?xml version="1.0" encoding="UTF-8"?>
<coverage generated="1780963130770" clover="3.2.0">
  <project timestamp="1780963130770" name="All files">
    <metrics statements="13" coveredstatements="13" conditionals="6" coveredconditionals="6" methods="2" coveredmethods="2" elements="21" coveredelements="21" complexity="0" loc="13" ncloc="13" packages="1" files="1" classes="1"/>
    <file name="string-calculator.js" path="C:\Users\Marto\Desktop\MDSW-Clase11-05\string-calculator.js">
      <metrics statements="13" coveredstatements="13" conditionals="6" coveredconditionals="6" methods="2" coveredmethods="2"/>
      <line num="2" count="7" type="cond" truecount="2" falsecount="0"/>
      <line num="4" count="6" type="stmt"/>
      <line num="6" count="6" type="cond" truecount="2" falsecount="0"/>
      <line num="7" count="3" type="stmt"/>
      <line num="8" count="3" type="stmt"/>
      <line num="11" count="6" type="stmt"/>
      <line num="12" count="15" type="stmt"/>
      <line num="13" count="6" type="cond" truecount="2" falsecount="0"/>
      <line num="14" count="5" type="stmt"/>
      <line num="15" count="5" type="stmt"/>
      <line num="16" count="13" type="stmt"/>
      <line num="18" count="5" type="stmt"/>
      <line num="22" count="1" type="stmt"/>
    </file>
  </project>
</coverage>
