{"C:\\Users\\Marto\\Desktop\\MDSW-Clase11-05\\string-calculator.js": {"path":"C:\\Users\\Marto\\Desktop\\MDSW-Clase11-05\\string-calculator.js","statementMap":{"0":{"start":{"line":2,"column":2},"end":{"line":2,"column":30}},"1":{"start":{"line":2,"column":21},"end":{"line":2,"column":30}},"2":{"start":{"line":4,"column":20},"end":{"line":4,"column":26}},"3":{"start":{"line":6,"column":2},"end":{"line":9,"column":3}},"4":{"start":{"line":7,"column":4},"end":{"line":7,"column":28}},"5":{"start":{"line":8,"column":4},"end":{"line":8,"column":33}},"6":{"start":{"line":11,"column":18},"end":{"line":11,"column":43}},"7":{"start":{"line":12,"column":20},"end":{"line":12,"column":46}},"8":{"start":{"line":12,"column":40},"end":{"line":12,"column":45}},"9":{"start":{"line":13,"column":2},"end":{"line":13,"column":97}},"10":{"start":{"line":13,"column":28},"end":{"line":13,"column":97}},"11":{"start":{"line":14,"column":13},"end":{"line":14,"column":14}},"12":{"start":{"line":15,"column":2},"end":{"line":17,"column":3}},"13":{"start":{"line":16,"column":4},"end":{"line":16,"column":26}},"14":{"start":{"line":18,"column":2},"end":{"line":18,"column":14}},"15":{"start":{"line":22,"column":0},"end":{"line":22,"column":23}}},"fnMap":{"0":{"name":"sumar","decl":{"start":{"line":1,"column":9},"end":{"line":1,"column":14}},"loc":{"start":{"line":1,"column":23},"end":{"line":19,"column":1}},"line":1},"1":{"name":"(anonymous_1)","decl":{"start":{"line":12,"column":35},"end":{"line":12,"column":36}},"loc":{"start":{"line":12,"column":40},"end":{"line":12,"column":45}},"line":12}},"branchMap":{"0":{"loc":{"start":{"line":2,"column":2},"end":{"line":2,"column":30}},"type":"if","locations":[{"start":{"line":2,"column":2},"end":{"line":2,"column":30}},{"start":{},"end":{}}],"line":2},"1":{"loc":{"start":{"line":6,"column":2},"end":{"line":9,"column":3}},"type":"if","locations":[{"start":{"line":6,"column":2},"end":{"line":9,"column":3}},{"start":{},"end":{}}],"line":6},"2":{"loc":{"start":{"line":13,"column":2},"end":{"line":13,"column":97}},"type":"if","locations":[{"start":{"line":13,"column":2},"end":{"line":13,"column":97}},{"start":{},"end":{}}],"line":13}},"s":{"0":7,"1":1,"2":6,"3":6,"4":3,"5":3,"6":6,"7":6,"8":15,"9":6,"10":1,"11":5,"12":5,"13":13,"14":5,"15":1},"f":{"0":7,"1":15},"b":{"0":[1,6],"1":[3,3],"2":[1,5]},"_coverageSchema":"1a1c01bbd47fc00a2c39e90264f33305004495a9","hash":"2ce489735e546de179f18feb5746053b45d32fe6"}
}
